# JRE version: Java(TM) SE Runtime Environment (7.0_79-b15) (build 1.7.0_79-b15)
# Java VM: Java HotSpot(TM) 64-Bit Server VM (24.79-b02 mixed mode windows-amd64 compressed oops)
Heap
 PSYoungGen      total 212992K, used 64139K [0x00000000eaa80000, 0x0000000100000000, 0x0000000100000000)
  eden space 195584K, 23% used [0x00000000eaa80000,0x00000000ed826c00,0x00000000f6980000)
  from space 17408K, 99% used [0x00000000f6980000,0x00000000f7a7c090,0x00000000f7a80000)
  to   space 26112K, 0% used [0x00000000fe680000,0x00000000fe680000,0x0000000100000000)
 ParOldGen       total 63488K, used 36924K [0x00000000c0000000, 0x00000000c3e00000, 0x00000000eaa80000)
  object space 63488K, 58% used [0x00000000c0000000,0x00000000c240f100,0x00000000c3e00000)
 PSPermGen       total 46080K, used 45591K [0x00000000b0000000, 0x00000000b2d00000, 0x00000000c0000000)
  object space 46080K, 98% used [0x00000000b0000000,0x00000000b2c85de0,0x00000000b2d00000)
GC Heap History (10 events):
Event: 4.324 GC heap before
{Heap before GC invocations=5 (full 0):
 PSYoungGen      total 53760K, used 53744K [0x00000000eaa80000, 0x00000000ee280000, 0x0000000100000000)
  eden space 50176K, 100% used [0x00000000eaa80000,0x00000000edb80000,0x00000000edb80000)
  from space 3584K, 99% used [0x00000000edf00000,0x00000000ee27c010,0x00000000ee280000)
  to   space 3584K, 0% used [0x00000000edb80000,0x00000000edb80000,0x00000000edf00000)
 ParOldGen       total 63488K, used 7449K [0x00000000c0000000, 0x00000000c3e00000, 0x00000000eaa80000)
  object space 63488K, 11% used [0x00000000c0000000,0x00000000c0746460,0x00000000c3e00000)
 PSPermGen       total 22528K, used 22054K [0x00000000b0000000, 0x00000000b1600000, 0x00000000c0000000)
  object space 22528K, 97% used [0x00000000b0000000,0x00000000b1589b28,0x00000000b1600000)
Event: 4.342 GC heap after
Heap after GC invocations=5 (full 0):
 PSYoungGen      total 53760K, used 3568K [0x00000000eaa80000, 0x00000000f2180000, 0x0000000100000000)
  eden space 50176K, 0% used [0x00000000eaa80000,0x00000000eaa80000,0x00000000edb80000)
  from space 3584K, 99% used [0x00000000edb80000,0x00000000edefc010,0x00000000edf00000)
  to   space 10752K, 0% used [0x00000000f1700000,0x00000000f1700000,0x00000000f2180000)
 ParOldGen       total 63488K, used 13511K [0x00000000c0000000, 0x00000000c3e00000, 0x00000000eaa80000)
  object space 63488K, 21% used [0x00000000c0000000,0x00000000c0d31db0,0x00000000c3e00000)
 PSPermGen       total 22528K, used 22054K [0x00000000b0000000, 0x00000000b1600000, 0x00000000c0000000)
  object space 22528K, 97% used [0x00000000b0000000,0x00000000b1589b28,0x00000000b1600000)
}
Event: 5.972 GC heap before
{Heap before GC invocations=6 (full 0):
 PSYoungGen      total 53760K, used 53744K [0x00000000eaa80000, 0x00000000f2180000, 0x0000000100000000)
  eden space 50176K, 100% used [0x00000000eaa80000,0x00000000edb80000,0x00000000edb80000)
  from space 3584K, 99% used [0x00000000edb80000,0x00000000edefc010,0x00000000edf00000)
  to   space 10752K, 0% used [0x00000000f1700000,0x00000000f1700000,0x00000000f2180000)
 ParOldGen       total 63488K, used 13511K [0x00000000c0000000, 0x00000000c3e00000, 0x00000000eaa80000)
  object space 63488K, 21% used [0x00000000c0000000,0x00000000c0d31db0,0x00000000c3e00000)
 PSPermGen       total 26112K, used 25828K [0x00000000b0000000, 0x00000000b1980000, 0x00000000c0000000)
  object space 26112K, 98% used [0x00000000b0000000,0x00000000b1939268,0x00000000b1980000)
Event: 5.989 GC heap after
Heap after GC invocations=6 (full 0):
 PSYoungGen      total 111104K, used 7109K [0x00000000eaa80000, 0x00000000f2180000, 0x0000000100000000)
  eden space 100352K, 0% used [0x00000000eaa80000,0x00000000eaa80000,0x00000000f0c80000)
  from space 10752K, 66% used [0x00000000f1700000,0x00000000f1df1460,0x00000000f2180000)
  to   space 10752K, 0% used [0x00000000f0c80000,0x00000000f0c80000,0x00000000f1700000)
 ParOldGen       total 63488K, used 13511K [0x00000000c0000000, 0x00000000c3e00000, 0x00000000eaa80000)
  object space 63488K, 21% used [0x00000000c0000000,0x00000000c0d31db0,0x00000000c3e00000)
 PSPermGen       total 26112K, used 25828K [0x00000000b0000000, 0x00000000b1980000, 0x00000000c0000000)
  object space 26112K, 98% used [0x00000000b0000000,0x00000000b1939268,0x00000000b1980000)
}
Event: 8.900 GC heap before
{Heap before GC invocations=7 (full 0):
 PSYoungGen      total 111104K, used 107461K [0x00000000eaa80000, 0x00000000f2180000, 0x0000000100000000)
  eden space 100352K, 100% used [0x00000000eaa80000,0x00000000f0c80000,0x00000000f0c80000)
  from space 10752K, 66% used [0x00000000f1700000,0x00000000f1df1460,0x00000000f2180000)
  to   space 10752K, 0% used [0x00000000f0c80000,0x00000000f0c80000,0x00000000f1700000)
 ParOldGen       total 63488K, used 13511K [0x00000000c0000000, 0x00000000c3e00000, 0x00000000eaa80000)
  object space 63488K, 21% used [0x00000000c0000000,0x00000000c0d31db0,0x00000000c3e00000)
 PSPermGen       total 30720K, used 30297K [0x00000000b0000000, 0x00000000b1e00000, 0x00000000c0000000)
  object space 30720K, 98% used [0x00000000b0000000,0x00000000b1d96510,0x00000000b1e00000)
Event: 8.930 GC heap after
Heap after GC invocations=7 (full 0):
 PSYoungGen      total 111104K, used 10673K [0x00000000eaa80000, 0x00000000f8680000, 0x0000000100000000)
  eden space 100352K, 0% used [0x00000000eaa80000,0x00000000eaa80000,0x00000000f0c80000)
  from space 10752K, 99% used [0x00000000f0c80000,0x00000000f16ec7b0,0x00000000f1700000)
  to   space 12288K, 0% used [0x00000000f7a80000,0x00000000f7a80000,0x00000000f8680000)
 ParOldGen       total 63488K, used 14415K [0x00000000c0000000, 0x00000000c3e00000, 0x00000000eaa80000)
  object space 63488K, 22% used [0x00000000c0000000,0x00000000c0e13ed0,0x00000000c3e00000)
 PSPermGen       total 30720K, used 30297K [0x00000000b0000000, 0x00000000b1e00000, 0x00000000c0000000)
  object space 30720K, 98% used [0x00000000b0000000,0x00000000b1d96510,0x00000000b1e00000)
}
Event: 12.103 GC heap before
{Heap before GC invocations=8 (full 0):
 PSYoungGen      total 111104K, used 111025K [0x00000000eaa80000, 0x00000000f8680000, 0x0000000100000000)
  eden space 100352K, 100% used [0x00000000eaa80000,0x00000000f0c80000,0x00000000f0c80000)
  from space 10752K, 99% used [0x00000000f0c80000,0x00000000f16ec7b0,0x00000000f1700000)
  to   space 12288K, 0% used [0x00000000f7a80000,0x00000000f7a80000,0x00000000f8680000)
 ParOldGen       total 63488K, used 14415K [0x00000000c0000000, 0x00000000c3e00000, 0x00000000eaa80000)
  object space 63488K, 22% used [0x00000000c0000000,0x00000000c0e13ed0,0x00000000c3e00000)
 PSPermGen       total 38912K, used 38701K [0x00000000b0000000, 0x00000000b2600000, 0x00000000c0000000)
  object space 38912K, 99% used [0x00000000b0000000,0x00000000b25cb6b8,0x00000000b2600000)
Event: 12.183 GC heap after
Heap after GC invocations=8 (full 0):
 PSYoungGen      total 207872K, used 12263K [0x00000000eaa80000, 0x00000000f9080000, 0x0000000100000000)
  eden space 195584K, 0% used [0x00000000eaa80000,0x00000000eaa80000,0x00000000f6980000)
  from space 12288K, 99% used [0x00000000f7a80000,0x00000000f8679d98,0x00000000f8680000)
  to   space 17408K, 0% used [0x00000000f6980000,0x00000000f6980000,0x00000000f7a80000)
 ParOldGen       total 63488K, used 22090K [0x00000000c0000000, 0x00000000c3e00000, 0x00000000eaa80000)
  object space 63488K, 34% used [0x00000000c0000000,0x00000000c1592910,0x00000000c3e00000)
 PSPermGen       total 38912K, used 38701K [0x00000000b0000000, 0x00000000b2600000, 0x00000000c0000000)
  object space 38912K, 99% used [0x00000000b0000000,0x00000000b25cb6b8,0x00000000b2600000)
}
Event: 21.678 GC heap before
{Heap before GC invocations=9 (full 0):
 PSYoungGen      total 207872K, used 207847K [0x00000000eaa80000, 0x00000000f9080000, 0x0000000100000000)
  eden space 195584K, 100% used [0x00000000eaa80000,0x00000000f6980000,0x00000000f6980000)
  from space 12288K, 99% used [0x00000000f7a80000,0x00000000f8679d98,0x00000000f8680000)
  to   space 17408K, 0% used [0x00000000f6980000,0x00000000f6980000,0x00000000f7a80000)
 ParOldGen       total 63488K, used 22090K [0x00000000c0000000, 0x00000000c3e00000, 0x00000000eaa80000)
  object space 63488K, 34% used [0x00000000c0000000,0x00000000c1592910,0x00000000c3e00000)
 PSPermGen       total 45568K, used 45528K [0x00000000b0000000, 0x00000000b2c80000, 0x00000000c0000000)
  object space 45568K, 99% used [0x00000000b0000000,0x00000000b2c76168,0x00000000b2c80000)
Event: 21.768 GC heap after
Heap after GC invocations=9 (full 0):
 PSYoungGen      total 212992K, used 17392K [0x00000000eaa80000, 0x0000000100000000, 0x0000000100000000)
  eden space 195584K, 0% used [0x00000000eaa80000,0x00000000eaa80000,0x00000000f6980000)
  from space 17408K, 99% used [0x00000000f6980000,0x00000000f7a7c090,0x00000000f7a80000)
  to   space 26112K, 0% used [0x00000000fe680000,0x00000000fe680000,0x0000000100000000)
 ParOldGen       total 63488K, used 36924K [0x00000000c0000000, 0x00000000c3e00000, 0x00000000eaa80000)
  object space 63488K, 58% used [0x00000000c0000000,0x00000000c240f100,0x00000000c3e00000)
 PSPermGen       total 45568K, used 45528K [0x00000000b0000000, 0x00000000b2c80000, 0x00000000c0000000)
  object space 45568K, 99% used [0x00000000b0000000,0x00000000b2c76168,0x00000000b2c80000)
}

